-------------------------------------------------------------------------------
Test set: com.yupi.project.service.UserServiceTest
-------------------------------------------------------------------------------
Tests run: 5, Failures: 0, Errors: 2, Skipped: 0, Time elapsed: 12.161 s <<< FAILURE! - in com.yupi.project.service.UserServiceTest
testAddUser  Time elapsed: 0.808 s  <<< ERROR!
org.springframework.jdbc.BadSqlGrammarException: 

### Error updating database.  Cause: java.sql.SQLSyntaxErrorException: You have an error in your SQL syntax; check the manual that corresponds to your MySQL server version for the right syntax to use near '' at line 1
### The error may exist in com/yupi/project/mapper/UserMapper.java (best guess)
### The error may involve com.yupi.project.mapper.UserMapper.insert-Inline
### The error occurred while setting parameters
### SQL: INSERT INTO user    VALUES
### Cause: java.sql.SQLSyntaxErrorException: You have an error in your SQL syntax; check the manual that corresponds to your MySQL server version for the right syntax to use near '' at line 1
; bad SQL grammar []; nested exception is java.sql.SQLSyntaxErrorException: You have an error in your SQL syntax; check the manual that corresponds to your MySQL server version for the right syntax to use near '' at line 1
	at com.yupi.project.service.UserServiceTest.testAddUser(UserServiceTest.java:24)
Caused by: java.sql.SQLSyntaxErrorException: You have an error in your SQL syntax; check the manual that corresponds to your MySQL server version for the right syntax to use near '' at line 1
	at com.yupi.project.service.UserServiceTest.testAddUser(UserServiceTest.java:24)

testUpdateUser  Time elapsed: 0.025 s  <<< ERROR!
org.springframework.jdbc.BadSqlGrammarException: 

### Error updating database.  Cause: java.sql.SQLSyntaxErrorException: You have an error in your SQL syntax; check the manual that corresponds to your MySQL server version for the right syntax to use near 'WHERE id=null  AND isDelete=0' at line 1
### The error may exist in com/yupi/project/mapper/UserMapper.java (best guess)
### The error may involve com.yupi.project.mapper.UserMapper.updateById-Inline
### The error occurred while setting parameters
### SQL: UPDATE user    WHERE id=?  AND isDelete=0
### Cause: java.sql.SQLSyntaxErrorException: You have an error in your SQL syntax; check the manual that corresponds to your MySQL server version for the right syntax to use near 'WHERE id=null  AND isDelete=0' at line 1
; bad SQL grammar []; nested exception is java.sql.SQLSyntaxErrorException: You have an error in your SQL syntax; check the manual that corresponds to your MySQL server version for the right syntax to use near 'WHERE id=null  AND isDelete=0' at line 1
	at com.yupi.project.service.UserServiceTest.testUpdateUser(UserServiceTest.java:32)
Caused by: java.sql.SQLSyntaxErrorException: You have an error in your SQL syntax; check the manual that corresponds to your MySQL server version for the right syntax to use near 'WHERE id=null  AND isDelete=0' at line 1
	at com.yupi.project.service.UserServiceTest.testUpdateUser(UserServiceTest.java:32)

