<?xml version="1.0" encoding="UTF-8"?>
<testsuite xmlns:xsi="http://www.w3.org/2001/XMLSchema-instance" xsi:noNamespaceSchemaLocation="https://maven.apache.org/surefire/maven-surefire-plugin/xsd/surefire-test-report.xsd" name="com.yupi.project.service.UserServiceTest" time="12.161" tests="5" errors="2" skipped="0" failures="0">
  <properties>
[...]
</properties>
  <testcase name="testAddUser" classname="com.yupi.project.service.UserServiceTest" time="0.808">
    <error message="&#10;### Error updating database.  Cause: java.sql.SQLSyntaxErrorException: You have an error in your SQL syntax; check the manual that corresponds to your MySQL server version for the right syntax to use near &apos;&apos; at line 1&#10;### The error may exist in com/yupi/project/mapper/UserMapper.java (best guess)&#10;### The error may involve com.yupi.project.mapper.UserMapper.insert-Inline&#10;### The error occurred while setting parameters&#10;### SQL: INSERT INTO user    VALUES&#10;### Cause: java.sql.SQLSyntaxErrorException: You have an error in your SQL syntax; check the manual that corresponds to your MySQL server version for the right syntax to use near &apos;&apos; at line 1&#10;; bad SQL grammar []; nested exception is java.sql.SQLSyntaxErrorException: You have an error in your SQL syntax; check the manual that corresponds to your MySQL server version for the right syntax to use near &apos;&apos; at line 1" type="org.springframework.jdbc.BadSqlGrammarException">org.springframework.jdbc.BadSqlGrammarException: 

### Error updating database.  Cause: java.sql.SQLSyntaxErrorException: You have an error in your SQL syntax; check the manual that corresponds to your MySQL server version for the right syntax to use near '' at line 1
### The error may exist in com/yupi/project/mapper/UserMapper.java (best guess)
### The error may involve com.yupi.project.mapper.UserMapper.insert-Inline
### The error occurred while setting parameters
### SQL: INSERT INTO user    VALUES
### Cause: java.sql.SQLSyntaxErrorException: You have an error in your SQL syntax; check the manual that corresponds to your MySQL server version for the right syntax to use near '' at line 1
; bad SQL grammar []; nested exception is java.sql.SQLSyntaxErrorException: You have an error in your SQL syntax; check the manual that corresponds to your MySQL server version for the right syntax to use near '' at line 1
	at com.yupi.project.service.UserServiceTest.testAddUser(UserServiceTest.java:24)
Caused by: java.sql.SQLSyntaxErrorException: You have an error in your SQL syntax; check the manual that corresponds to your MySQL server version for the right syntax to use near '' at line 1
	at com.yupi.project.service.UserServiceTest.testAddUser(UserServiceTest.java:24)
</error>
    <system-out><![CDATA[15:40:48.437 [main] DEBUG org.springframework.test.context.BootstrapUtils - Instantiating CacheAwareContextLoaderDelegate from class [org.springframework.test.context.cache.DefaultCacheAwareContextLoaderDelegate]
15:40:48.447 [main] DEBUG org.springframework.test.context.BootstrapUtils - Instantiating BootstrapContext using constructor [public org.springframework.test.context.support.DefaultBootstrapContext(java.lang.Class,org.springframework.test.context.CacheAwareContextLoaderDelegate)]
15:40:48.474 [main] DEBUG org.springframework.test.context.BootstrapUtils - Instantiating TestContextBootstrapper for test class [com.yupi.project.service.UserServiceTest] from class [org.springframework.boot.test.context.SpringBootTestContextBootstrapper]
15:40:48.484 [main] INFO org.springframework.boot.test.context.SpringBootTestContextBootstrapper - Neither @ContextConfiguration nor @ContextHierarchy found for test class [com.yupi.project.service.UserServiceTest], using SpringBootContextLoader
15:40:48.487 [main] DEBUG org.springframework.test.context.support.AbstractContextLoader - Did not detect default resource location for test class [com.yupi.project.service.UserServiceTest]: class path resource [com/yupi/project/service/UserServiceTest-context.xml] does not exist
15:40:48.487 [main] DEBUG org.springframework.test.context.support.AbstractContextLoader - Did not detect default resource location for test class [com.yupi.project.service.UserServiceTest]: class path resource [com/yupi/project/service/UserServiceTestContext.groovy] does not exist
15:40:48.487 [main] INFO org.springframework.test.context.support.AbstractContextLoader - Could not detect default resource locations for test class [com.yupi.project.service.UserServiceTest]: no resource found for suffixes {-context.xml, Context.groovy}.
15:40:48.488 [main] INFO org.springframework.test.context.support.AnnotationConfigContextLoaderUtils - Could not detect default configuration classes for test class [com.yupi.project.service.UserServiceTest]: UserServiceTest does not declare any static, non-private, non-final, nested classes annotated with @Configuration.
15:40:48.528 [main] DEBUG org.springframework.test.context.support.ActiveProfilesUtils - Could not find an 'annotation declaring class' for annotation type [org.springframework.test.context.ActiveProfiles] and class [com.yupi.project.service.UserServiceTest]
15:40:48.596 [main] DEBUG org.springframework.context.annotation.ClassPathScanningCandidateComponentProvider - Identified candidate component class: file [E:\idea_java_project\black_hole_api\target\classes\com\yupi\project\MyApplication.class]
15:40:48.596 [main] INFO org.springframework.boot.test.context.SpringBootTestContextBootstrapper - Found @SpringBootConfiguration com.yupi.project.MyApplication for test class com.yupi.project.service.UserServiceTest
15:40:48.700 [main] DEBUG org.springframework.boot.test.context.SpringBootTestContextBootstrapper - @TestExecutionListeners is not present for class [com.yupi.project.service.UserServiceTest]: using defaults.
15:40:48.700 [main] INFO org.springframework.boot.test.context.SpringBootTestContextBootstrapper - Loaded default TestExecutionListener class names from location [META-INF/spring.factories]: [org.springframework.boot.test.mock.mockito.MockitoTestExecutionListener, org.springframework.boot.test.mock.mockito.ResetMocksTestExecutionListener, org.springframework.boot.test.autoconfigure.restdocs.RestDocsTestExecutionListener, org.springframework.boot.test.autoconfigure.web.client.MockRestServiceServerResetTestExecutionListener, org.springframework.boot.test.autoconfigure.web.servlet.MockMvcPrintOnlyOnFailureTestExecutionListener, org.springframework.boot.test.autoconfigure.web.servlet.WebDriverTestExecutionListener, org.springframework.boot.test.autoconfigure.webservices.client.MockWebServiceServerTestExecutionListener, org.springframework.test.context.web.ServletTestExecutionListener, org.springframework.test.context.support.DirtiesContextBeforeModesTestExecutionListener, org.springframework.test.context.event.ApplicationEventsTestExecutionListener, org.springframework.test.context.support.DependencyInjectionTestExecutionListener, org.springframework.test.context.support.DirtiesContextTestExecutionListener, org.springframework.test.context.transaction.TransactionalTestExecutionListener, org.springframework.test.context.jdbc.SqlScriptsTestExecutionListener, org.springframework.test.context.event.EventPublishingTestExecutionListener]
15:40:48.721 [main] INFO org.springframework.boot.test.context.SpringBootTestContextBootstrapper - Using TestExecutionListeners: [org.springframework.test.context.web.ServletTestExecutionListener@6c6c5427, org.springframework.test.context.support.DirtiesContextBeforeModesTestExecutionListener@618c5d94, org.springframework.test.context.event.ApplicationEventsTestExecutionListener@5b40ceb, org.springframework.boot.test.mock.mockito.MockitoTestExecutionListener@13c3c1e1, org.springframework.boot.test.autoconfigure.SpringBootDependencyInjectionTestExecutionListener@1d8062d2, org.springframework.test.context.support.DirtiesContextTestExecutionListener@1e63ec0b, org.springframework.test.context.transaction.TransactionalTestExecutionListener@3b956878, org.springframework.test.context.jdbc.SqlScriptsTestExecutionListener@36546a22, org.springframework.test.context.event.EventPublishingTestExecutionListener@285c08c8, org.springframework.boot.test.mock.mockito.ResetMocksTestExecutionListener@295eaa7c, org.springframework.boot.test.autoconfigure.restdocs.RestDocsTestExecutionListener@3918c187, org.springframework.boot.test.autoconfigure.web.client.MockRestServiceServerResetTestExecutionListener@2c88b9fc, org.springframework.boot.test.autoconfigure.web.servlet.MockMvcPrintOnlyOnFailureTestExecutionListener@64dafeed, org.springframework.boot.test.autoconfigure.web.servlet.WebDriverTestExecutionListener@388ba540, org.springframework.boot.test.autoconfigure.webservices.client.MockWebServiceServerTestExecutionListener@47605f2f]
15:40:48.726 [main] DEBUG org.springframework.test.context.support.AbstractDirtiesContextTestExecutionListener - Before test class: context [DefaultTestContext@239b0f9d testClass = UserServiceTest, testInstance = [null], testMethod = [null], testException = [null], mergedContextConfiguration = [WebMergedContextConfiguration@619bfe29 testClass = UserServiceTest, locations = '{}', classes = '{class com.yupi.project.MyApplication}', contextInitializerClasses = '[]', activeProfiles = '{}', propertySourceLocations = '{}', propertySourceProperties = '{org.springframework.boot.test.context.SpringBootTestContextBootstrapper=true}', contextCustomizers = set[org.springframework.boot.test.context.filter.ExcludeFilterContextCustomizer@68d279ec, org.springframework.boot.test.json.DuplicateJsonObjectContextCustomizerFactory$DuplicateJsonObjectContextCustomizer@5965be2d, org.springframework.boot.test.mock.mockito.MockitoContextCustomizer@0, org.springframework.boot.test.web.client.TestRestTemplateContextCustomizer@25f4878b, org.springframework.boot.test.autoconfigure.actuate.metrics.MetricsExportContextCustomizerFactory$DisableMetricExportContextCustomizer@5b67bb7e, org.springframework.boot.test.autoconfigure.properties.PropertyMappingContextCustomizer@0, org.springframework.boot.test.autoconfigure.web.servlet.WebDriverContextCustomizerFactory$Customizer@f107c50, org.springframework.boot.test.context.SpringBootTestArgs@1, org.springframework.boot.test.context.SpringBootTestWebEnvironment@76505305], resourceBasePath = 'src/main/webapp', contextLoader = 'org.springframework.boot.test.context.SpringBootContextLoader', parent = [null]], attributes = map['org.springframework.test.context.web.ServletTestExecutionListener.activateListener' -> true]], class annotated with @DirtiesContext [false] with mode [null].
                           .__
 ___.__.__ __  ____   _____|__|
<   |  |  |  \/    \ / ____/  |
 \___  |  |  /   |  < <_|  |  |
 / ____|____/|___|  /\__   |__|
 \/               \/    |__|

2024-05-09 15:40:49.064  INFO 26956 --- [           main] c.yupi.project.service.UserServiceTest   : Starting UserServiceTest using Java 11.0.8 on guilin with PID 26956 (started by guilin in E:\idea_java_project\black_hole_api)
2024-05-09 15:40:49.066  INFO 26956 --- [           main] c.yupi.project.service.UserServiceTest   : No active profile set, falling back to 1 default profile: "default"
2024-05-09 15:40:50.223  INFO 26956 --- [           main] o.apache.dubbo.rpc.model.FrameworkModel  :  [DUBBO] Reset global default framework from null to Dubbo Framework[1], dubbo version: 3.0.9, current host: 192.168.132.1
2024-05-09 15:40:50.223  INFO 26956 --- [           main] o.apache.dubbo.rpc.model.FrameworkModel  :  [DUBBO] Dubbo Framework[1] is created, dubbo version: 3.0.9, current host: 192.168.132.1
2024-05-09 15:40:50.249  INFO 26956 --- [           main] o.a.dubbo.rpc.model.ApplicationModel     :  [DUBBO] Dubbo Application[1.0](unknown) is created, dubbo version: 3.0.9, current host: 192.168.132.1
2024-05-09 15:40:50.250  INFO 26956 --- [           main] org.apache.dubbo.rpc.model.ScopeModel    :  [DUBBO] Dubbo Module[1.0.0] is created, dubbo version: 3.0.9, current host: 192.168.132.1
2024-05-09 15:40:50.274  INFO 26956 --- [           main] o.a.d.c.context.AbstractConfigManager    :  [DUBBO] Config settings: {dubbo.config.mode=STRICT, dubbo.config.ignore-duplicated-interface=false}, dubbo version: 3.0.9, current host: 192.168.132.1
2024-05-09 15:40:50.274  INFO 26956 --- [           main] o.a.d.c.context.AbstractConfigManager    :  [DUBBO] Config settings: {dubbo.config.mode=STRICT, dubbo.config.ignore-duplicated-interface=false}, dubbo version: 3.0.9, current host: 192.168.132.1
2024-05-09 15:40:50.317  INFO 26956 --- [           main] o.apache.dubbo.rpc.model.FrameworkModel  :  [DUBBO] Reset global default application from null to Dubbo Application[1.1](unknown), dubbo version: 3.0.9, current host: 192.168.132.1
2024-05-09 15:40:50.317  INFO 26956 --- [           main] o.a.dubbo.rpc.model.ApplicationModel     :  [DUBBO] Dubbo Application[1.1](unknown) is created, dubbo version: 3.0.9, current host: 192.168.132.1
2024-05-09 15:40:50.317  INFO 26956 --- [           main] org.apache.dubbo.rpc.model.ScopeModel    :  [DUBBO] Dubbo Module[1.1.0] is created, dubbo version: 3.0.9, current host: 192.168.132.1
2024-05-09 15:40:50.320  INFO 26956 --- [           main] o.a.d.c.context.AbstractConfigManager    :  [DUBBO] Config settings: {dubbo.config.mode=STRICT, dubbo.config.ignore-duplicated-interface=false}, dubbo version: 3.0.9, current host: 192.168.132.1
2024-05-09 15:40:50.320  INFO 26956 --- [           main] o.a.d.c.context.AbstractConfigManager    :  [DUBBO] Config settings: {dubbo.config.mode=STRICT, dubbo.config.ignore-duplicated-interface=false}, dubbo version: 3.0.9, current host: 192.168.132.1
2024-05-09 15:40:50.326  INFO 26956 --- [           main] o.a.d.c.s.c.DubboSpringInitializer       :  [DUBBO] Use default application: Dubbo Application[1.1](unknown), dubbo version: 3.0.9, current host: 192.168.132.1
2024-05-09 15:40:50.327  INFO 26956 --- [           main] org.apache.dubbo.rpc.model.ScopeModel    :  [DUBBO] Dubbo Module[1.1.1] is created, dubbo version: 3.0.9, current host: 192.168.132.1
2024-05-09 15:40:50.330  INFO 26956 --- [           main] o.a.d.c.context.AbstractConfigManager    :  [DUBBO] Config settings: {dubbo.config.mode=STRICT, dubbo.config.ignore-duplicated-interface=false}, dubbo version: 3.0.9, current host: 192.168.132.1
2024-05-09 15:40:50.331  INFO 26956 --- [           main] o.a.d.c.s.c.DubboSpringInitializer       :  [DUBBO] Use default module model of target application: Dubbo Module[1.1.1], dubbo version: 3.0.9, current host: 192.168.132.1
2024-05-09 15:40:50.331  INFO 26956 --- [           main] o.a.d.c.s.c.DubboSpringInitializer       :  [DUBBO] Bind Dubbo Module[1.1.1] to spring container: org.springframework.beans.factory.support.DefaultListableBeanFactory@5af97169, dubbo version: 3.0.9, current host: 192.168.132.1
2024-05-09 15:40:50.547  INFO 26956 --- [           main] .s.d.r.c.RepositoryConfigurationDelegate : Multiple Spring Data modules found, entering strict repository configuration mode!
2024-05-09 15:40:50.550  INFO 26956 --- [           main] .s.d.r.c.RepositoryConfigurationDelegate : Bootstrapping Spring Data Redis repositories in DEFAULT mode.
2024-05-09 15:40:50.572  INFO 26956 --- [           main] .s.d.r.c.RepositoryConfigurationDelegate : Finished Spring Data repository scanning in 11 ms. Found 0 Redis repository interfaces.
2024-05-09 15:40:50.720  WARN 26956 --- [           main] o.m.s.mapper.ClassPathMapperScanner      : Skipping MapperFactoryBean with name 'interfaceInfoMapper' and 'com.yupi.project.mapper.InterfaceInfoMapper' mapperInterface. Bean already defined with the same name!
2024-05-09 15:40:50.720  WARN 26956 --- [           main] o.m.s.mapper.ClassPathMapperScanner      : Skipping MapperFactoryBean with name 'userInterfaceInfoMapper' and 'com.yupi.project.mapper.UserInterfaceInfoMapper' mapperInterface. Bean already defined with the same name!
2024-05-09 15:40:50.720  WARN 26956 --- [           main] o.m.s.mapper.ClassPathMapperScanner      : Skipping MapperFactoryBean with name 'userMapper' and 'com.yupi.project.mapper.UserMapper' mapperInterface. Bean already defined with the same name!
2024-05-09 15:40:50.721  WARN 26956 --- [           main] o.m.s.mapper.ClassPathMapperScanner      : No MyBatis mapper was found in '[com.yupi.project.mapper]' package. Please check your configuration.
2024-05-09 15:40:50.721  INFO 26956 --- [           main] c.s.b.f.a.ServiceAnnotationPostProcessor :  [DUBBO] BeanNameGenerator bean can't be found in BeanFactory with name [org.springframework.context.annotation.internalConfigurationBeanNameGenerator], dubbo version: 3.0.9, current host: 192.168.132.1
2024-05-09 15:40:50.721  INFO 26956 --- [           main] c.s.b.f.a.ServiceAnnotationPostProcessor :  [DUBBO] BeanNameGenerator will be a instance of org.springframework.context.annotation.AnnotationBeanNameGenerator , it maybe a potential problem on bean name generation., dubbo version: 3.0.9, current host: 192.168.132.1
2024-05-09 15:40:50.725  INFO 26956 --- [           main] c.s.b.f.a.ServiceAnnotationPostProcessor :  [DUBBO] Found 4 classes annotated by Dubbo @Service under package [com.yupi.project]: [com.yupi.project.provider.DemoServiceImpl, com.yupi.project.service.impl.inner.InnerInterfaceInfoServiceImpl, com.yupi.project.service.impl.inner.InnerUserInterfaceInfoServiceImpl, com.yupi.project.service.impl.inner.InnerUserServiceImpl], dubbo version: 3.0.9, current host: 192.168.132.1
2024-05-09 15:40:50.735  INFO 26956 --- [           main] c.s.b.f.a.ServiceAnnotationPostProcessor :  [DUBBO] Register ServiceBean[ServiceBean:com.yupi.project.provider.DemoService]: Root bean: class [org.apache.dubbo.config.spring.ServiceBean]; scope=; abstract=false; lazyInit=null; autowireMode=0; dependencyCheck=0; autowireCandidate=true; primary=false; factoryBeanName=null; factoryMethodName=null; initMethodName=null; destroyMethodName=null, dubbo version: 3.0.9, current host: 192.168.132.1
2024-05-09 15:40:50.737  INFO 26956 --- [           main] c.s.b.f.a.ServiceAnnotationPostProcessor :  [DUBBO] Register ServiceBean[ServiceBean:com.yupi.service.InnerInterfaceInfoService]: Root bean: class [org.apache.dubbo.config.spring.ServiceBean]; scope=; abstract=false; lazyInit=null; autowireMode=0; dependencyCheck=0; autowireCandidate=true; primary=false; factoryBeanName=null; factoryMethodName=null; initMethodName=null; destroyMethodName=null, dubbo version: 3.0.9, current host: 192.168.132.1
2024-05-09 15:40:50.738  INFO 26956 --- [           main] c.s.b.f.a.ServiceAnnotationPostProcessor :  [DUBBO] Register ServiceBean[ServiceBean:com.yupi.service.InnerUserInterfaceInfoService]: Root bean: class [org.apache.dubbo.config.spring.ServiceBean]; scope=; abstract=false; lazyInit=null; autowireMode=0; dependencyCheck=0; autowireCandidate=true; primary=false; factoryBeanName=null; factoryMethodName=null; initMethodName=null; destroyMethodName=null, dubbo version: 3.0.9, current host: 192.168.132.1
2024-05-09 15:40:50.738  INFO 26956 --- [           main] c.s.b.f.a.ServiceAnnotationPostProcessor :  [DUBBO] Register ServiceBean[ServiceBean:com.yupi.service.InnerUserService]: Root bean: class [org.apache.dubbo.config.spring.ServiceBean]; scope=; abstract=false; lazyInit=null; autowireMode=0; dependencyCheck=0; autowireCandidate=true; primary=false; factoryBeanName=null; factoryMethodName=null; initMethodName=null; destroyMethodName=null, dubbo version: 3.0.9, current host: 192.168.132.1
2024-05-09 15:40:51.342  INFO 26956 --- [           main] f.a.ReferenceAnnotationBeanPostProcessor : class org.apache.dubbo.config.spring.beans.factory.annotation.ReferenceAnnotationBeanPostProcessor was destroying!
2024-05-09 15:40:51.741  INFO 26956 --- [           main] o.a.d.c.s.c.DubboConfigBeanInitializer   : loading dubbo config beans ...
2024-05-09 15:40:51.745  INFO 26956 --- [           main] o.a.d.c.s.c.DubboConfigBeanInitializer   : dubbo config beans are loaded.
2024-05-09 15:40:51.809  INFO 26956 --- [           main] o.a.d.c.d.DefaultApplicationDeployer     :  [DUBBO] No value is configured in the registry, the DynamicConfigurationFactory extension[name : nacos] supports as the config center, dubbo version: 3.0.9, current host: 192.168.132.1
2024-05-09 15:40:51.810  INFO 26956 --- [           main] o.a.d.c.d.DefaultApplicationDeployer     :  [DUBBO] The registry[<dubbo:registry id="nacos-registry" address="nacos://localhost:8848" protocol="nacos" port="8848" />] will be used as the config center, dubbo version: 3.0.9, current host: 192.168.132.1
2024-05-09 15:40:51.815  INFO 26956 --- [           main] o.a.d.c.d.DefaultApplicationDeployer     :  [DUBBO] use registry as config-center: <dubbo:config-center highestPriority="false" id="config-center-nacos-localhost-8848" address="nacos://localhost:8848" protocol="nacos" port="8848" />, dubbo version: 3.0.9, current host: 192.168.132.1
2024-05-09 15:40:52.098  INFO 26956 --- [           main] c.a.n.p.a.s.c.ClientAuthPluginManager    : [ClientAuthPluginManager] Load ClientAuthService com.alibaba.nacos.client.auth.impl.NacosClientAuthServiceImpl success.
2024-05-09 15:40:52.099  INFO 26956 --- [           main] c.a.n.p.a.s.c.ClientAuthPluginManager    : [ClientAuthPluginManager] Load ClientAuthService com.alibaba.nacos.client.auth.ram.RamClientAuthServiceImpl success.
2024-05-09 15:40:53.166  WARN 26956 --- [           main] o.a.d.common.config.ConfigurationUtils   :  [DUBBO] Config center was specified, but no config item found., dubbo version: 3.0.9, current host: 192.168.132.1
2024-05-09 15:40:53.167  WARN 26956 --- [           main] o.a.d.common.config.ConfigurationUtils   :  [DUBBO] Config center was specified, but no config item found., dubbo version: 3.0.9, current host: 192.168.132.1
2024-05-09 15:40:53.192  INFO 26956 --- [           main] o.a.d.c.deploy.DefaultModuleDeployer     :  [DUBBO] Dubbo Module[1.1.0] has been initialized!, dubbo version: 3.0.9, current host: 192.168.132.1
2024-05-09 15:40:53.195  INFO 26956 --- [           main] o.a.d.c.deploy.DefaultModuleDeployer     :  [DUBBO] Dubbo Module[1.1.1] has been initialized!, dubbo version: 3.0.9, current host: 192.168.132.1
2024-05-09 15:40:53.198  INFO 26956 --- [           main] o.a.d.c.d.DefaultApplicationDeployer     :  [DUBBO] No value is configured in the registry, the MetadataReportFactory extension[name : nacos] supports as the metadata center, dubbo version: 3.0.9, current host: 192.168.132.1
2024-05-09 15:40:53.198  INFO 26956 --- [           main] o.a.d.c.d.DefaultApplicationDeployer     :  [DUBBO] The registry[<dubbo:registry id="nacos-registry" address="nacos://localhost:8848" protocol="nacos" port="8848" />] will be used as the metadata center, dubbo version: 3.0.9, current host: 192.168.132.1
2024-05-09 15:40:53.202  INFO 26956 --- [           main] o.a.d.c.d.DefaultApplicationDeployer     :  [DUBBO] use registry as metadata-center: <dubbo:metadata-report id="nacos-registry" address="nacos://localhost:8848" protocol="nacos" port="8848" />, dubbo version: 3.0.9, current host: 192.168.132.1
2024-05-09 15:40:53.275  INFO 26956 --- [           main] c.a.n.p.a.s.c.ClientAuthPluginManager    : [ClientAuthPluginManager] Load ClientAuthService com.alibaba.nacos.client.auth.impl.NacosClientAuthServiceImpl success.
2024-05-09 15:40:53.275  INFO 26956 --- [           main] c.a.n.p.a.s.c.ClientAuthPluginManager    : [ClientAuthPluginManager] Load ClientAuthService com.alibaba.nacos.client.auth.ram.RamClientAuthServiceImpl success.
2024-05-09 15:40:53.277  INFO 26956 --- [           main] o.a.d.c.d.DefaultApplicationDeployer     :  [DUBBO] Dubbo Application[1.1](dubbo-springboot-demo-provider) has been initialized!, dubbo version: 3.0.9, current host: 192.168.132.1
Logging initialized using 'class org.apache.ibatis.logging.stdout.StdOutImpl' adapter.
Registered plugin: 'com.baomidou.mybatisplus.extension.plugins.MybatisPlusInterceptor@51f009ef'
Parsed mapper file: 'file [E:\idea_java_project\black_hole_api\target\classes\mapper\InterfaceInfoMapper.xml]'
Parsed mapper file: 'file [E:\idea_java_project\black_hole_api\target\classes\mapper\UserInterfaceInfoMapper.xml]'
Parsed mapper file: 'file [E:\idea_java_project\black_hole_api\target\classes\mapper\UserMapper.xml]'
 _ _   |_  _ _|_. ___ _ |    _ 
| | |\/|_)(_| | |_\  |_)||_|_\ 
     /               |         
                        3.5.1 
2024-05-09 15:40:57.582  INFO 26956 --- [           main] o.a.d.c.deploy.DefaultModuleDeployer     :  [DUBBO] Dubbo Module[1.1.1] is starting., dubbo version: 3.0.9, current host: 192.168.132.1
2024-05-09 15:40:57.583  INFO 26956 --- [           main] o.a.d.c.d.DefaultApplicationDeployer     :  [DUBBO] Dubbo Application[1.1](dubbo-springboot-demo-provider) is starting., dubbo version: 3.0.9, current host: 192.168.132.1
2024-05-09 15:40:57.660  WARN 26956 --- [           main] org.apache.dubbo.config.ServiceConfig    :  [DUBBO] Use random available port(20880) for protocol dubbo, dubbo version: 3.0.9, current host: 192.168.132.1
2024-05-09 15:40:57.702  INFO 26956 --- [           main] org.apache.dubbo.config.ServiceConfig    :  [DUBBO] Export dubbo service com.yupi.service.InnerUserService to local registry url : injvm://127.0.0.1/com.yupi.service.InnerUserService?anyhost=true&application=dubbo-springboot-demo-provider&background=false&bind.ip=192.168.132.1&bind.port=20880&deprecated=false&dubbo=2.0.2&dynamic=true&generic=false&interface=com.yupi.service.InnerUserService&methods=getInvokeUser&pid=26956&release=3.0.9&revision=0.0.1&side=provider&timestamp=1715240457655, dubbo version: 3.0.9, current host: 192.168.132.1
2024-05-09 15:40:57.703  INFO 26956 --- [           main] org.apache.dubbo.config.ServiceConfig    :  [DUBBO] Register dubbo service com.yupi.service.InnerUserService url dubbo://192.168.132.1:20880/com.yupi.service.InnerUserService?anyhost=true&application=dubbo-springboot-demo-provider&background=false&bind.ip=192.168.132.1&bind.port=20880&deprecated=false&dubbo=2.0.2&dynamic=true&generic=false&interface=com.yupi.service.InnerUserService&methods=getInvokeUser&pid=26956&release=3.0.9&revision=0.0.1&service-name-mapping=true&side=provider&timestamp=1715240457655 to registry localhost:8848, dubbo version: 3.0.9, current host: 192.168.132.1
2024-05-09 15:40:57.919  INFO 26956 --- [           main] org.apache.dubbo.qos.server.Server       :  [DUBBO] qos-server bind localhost:22222, dubbo version: 3.0.9, current host: 192.168.132.1
2024-05-09 15:40:57.994  INFO 26956 --- [           main] o.a.d.remoting.transport.AbstractServer  :  [DUBBO] Start NettyServer bind /0.0.0.0:20880, export /192.168.132.1:20880, dubbo version: 3.0.9, current host: 192.168.132.1
2024-05-09 15:40:58.040  INFO 26956 --- [           main] o.a.d.r.client.ServiceDiscoveryRegistry  :  [DUBBO] Loaded registry cache file C:\Users\guilin\.dubbo\dubbo-registry-dubbo-springboot-demo-provider-localhost-8848.cache, dubbo version: 3.0.9, current host: 192.168.132.1
2024-05-09 15:40:58.054  INFO 26956 --- [           main] o.a.d.r.c.m.store.MetaCacheManager       :  [DUBBO] Successfully loaded mapping cache from file .metadata.nacoslocalhost:8848, entries 0, dubbo version: 3.0.9, current host: 192.168.132.1
2024-05-09 15:40:58.096  INFO 26956 --- [           main] c.a.n.p.a.s.c.ClientAuthPluginManager    : [ClientAuthPluginManager] Load ClientAuthService com.alibaba.nacos.client.auth.impl.NacosClientAuthServiceImpl success.
2024-05-09 15:40:58.097  INFO 26956 --- [           main] c.a.n.p.a.s.c.ClientAuthPluginManager    : [ClientAuthPluginManager] Load ClientAuthService com.alibaba.nacos.client.auth.ram.RamClientAuthServiceImpl success.
2024-05-09 15:40:58.230  INFO 26956 --- [           main] o.a.dubbo.metadata.MappingCacheManager   :  [DUBBO] Successfully loaded mapping cache from file .mapping, entries 0, dubbo version: 3.0.9, current host: 192.168.132.1
2024-05-09 15:40:58.239  INFO 26956 --- [           main] o.a.d.r.c.m.MigrationRuleListener        :  [DUBBO] Listening for migration rules on dataId dubbo-springboot-demo-provider.migration, group DUBBO_SERVICEDISCOVERY_MIGRATION, dubbo version: 3.0.9, current host: 192.168.132.1
2024-05-09 15:40:58.245  INFO 26956 --- [           main] org.apache.dubbo.config.ServiceConfig    :  [DUBBO] Register dubbo service com.yupi.service.InnerUserService url dubbo://192.168.132.1:20880/com.yupi.service.InnerUserService?anyhost=true&application=dubbo-springboot-demo-provider&background=false&bind.ip=192.168.132.1&bind.port=20880&deprecated=false&dubbo=2.0.2&dynamic=true&generic=false&interface=com.yupi.service.InnerUserService&methods=getInvokeUser&pid=26956&release=3.0.9&revision=0.0.1&service-name-mapping=true&side=provider&timestamp=1715240457655 to registry localhost:8848, dubbo version: 3.0.9, current host: 192.168.132.1
2024-05-09 15:40:58.258  INFO 26956 --- [           main] c.a.n.p.a.s.c.ClientAuthPluginManager    : [ClientAuthPluginManager] Load ClientAuthService com.alibaba.nacos.client.auth.impl.NacosClientAuthServiceImpl success.
2024-05-09 15:40:58.258  INFO 26956 --- [           main] c.a.n.p.a.s.c.ClientAuthPluginManager    : [ClientAuthPluginManager] Load ClientAuthService com.alibaba.nacos.client.auth.ram.RamClientAuthServiceImpl success.
2024-05-09 15:40:58.382  INFO 26956 --- [           main] o.a.dubbo.registry.nacos.NacosRegistry   :  [DUBBO] Loaded registry cache file C:\Users\guilin\.dubbo\dubbo-registry-dubbo-springboot-demo-provider-localhost-8848.cache, dubbo version: 3.0.9, current host: 192.168.132.1
2024-05-09 15:40:58.383  INFO 26956 --- [           main] o.a.dubbo.registry.nacos.NacosRegistry   :  [DUBBO] Register: dubbo://192.168.132.1:20880/com.yupi.service.InnerUserService?anyhost=true&application=dubbo-springboot-demo-provider&background=false&deprecated=false&dubbo=2.0.2&dynamic=true&generic=false&interface=com.yupi.service.InnerUserService&methods=getInvokeUser&pid=26956&release=3.0.9&revision=0.0.1&service-name-mapping=true&side=provider&timestamp=1715240457655, dubbo version: 3.0.9, current host: 192.168.132.1
2024-05-09 15:40:58.391  INFO 26956 --- [           main] o.a.dubbo.registry.nacos.NacosRegistry   :  [DUBBO] Subscribe: provider://192.168.132.1:20880/com.yupi.service.InnerUserService?anyhost=true&application=dubbo-springboot-demo-provider&background=false&bind.ip=192.168.132.1&bind.port=20880&category=configurators&check=false&deprecated=false&dubbo=2.0.2&dynamic=true&generic=false&interface=com.yupi.service.InnerUserService&methods=getInvokeUser&pid=26956&release=3.0.9&revision=0.0.1&service-name-mapping=true&side=provider&timestamp=1715240457655, dubbo version: 3.0.9, current host: 192.168.132.1
2024-05-09 15:40:58.417  WARN 26956 --- [           main] o.a.dubbo.registry.nacos.NacosRegistry   :  [DUBBO] Ignore empty notify urls for subscribe url provider://192.168.132.1:20880/com.yupi.service.InnerUserService?anyhost=true&application=dubbo-springboot-demo-provider&background=false&bind.ip=192.168.132.1&bind.port=20880&category=configurators&check=false&deprecated=false&dubbo=2.0.2&dynamic=true&generic=false&interface=com.yupi.service.InnerUserService&methods=getInvokeUser&pid=26956&release=3.0.9&revision=0.0.1&service-name-mapping=true&side=provider&timestamp=1715240457655, dubbo version: 3.0.9, current host: 192.168.132.1
2024-05-09 15:40:58.422  INFO 26956 --- [Report-thread-1] o.a.d.m.store.nacos.NacosMetadataReport  :  [DUBBO] store provider metadata. Identifier : org.apache.dubbo.metadata.report.identifier.MetadataIdentifier@3caeca0f; definition: FullServiceDefinition{parameters=org.apache.dubbo.common.url.component.URLParam$URLParamMap@bb124345} ServiceDefinition [canonicalName=com.yupi.service.InnerUserService, codeSource=yunapi-common-0.0.1.jar, methods=[MethodDefinition [name=getInvokeUser, parameterTypes=[java.lang.String], returnType=com.yupi.model.entity.User]]], dubbo version: 3.0.9, current host: 192.168.132.1
2024-05-09 15:40:58.559  INFO 26956 --- [           main] org.apache.dubbo.config.ServiceConfig    :  [DUBBO] Successfully registered interface application mapping for service com.yupi.service.InnerUserService, dubbo version: 3.0.9, current host: 192.168.132.1
2024-05-09 15:40:58.567  INFO 26956 --- [           main] org.apache.dubbo.config.ServiceConfig    :  [DUBBO] Export dubbo service com.yupi.project.provider.DemoService to local registry url : injvm://127.0.0.1/com.yupi.project.provider.DemoService?anyhost=true&application=dubbo-springboot-demo-provider&background=false&bind.ip=192.168.132.1&bind.port=20880&deprecated=false&dubbo=2.0.2&dynamic=true&generic=false&interface=com.yupi.project.provider.DemoService&methods=sayHello,sayHelloAsync,sayHello2&pid=26956&release=3.0.9&side=provider&timestamp=1715240458561, dubbo version: 3.0.9, current host: 192.168.132.1
2024-05-09 15:40:58.568  INFO 26956 --- [           main] org.apache.dubbo.config.ServiceConfig    :  [DUBBO] Register dubbo service com.yupi.project.provider.DemoService url dubbo://192.168.132.1:20880/com.yupi.project.provider.DemoService?anyhost=true&application=dubbo-springboot-demo-provider&background=false&bind.ip=192.168.132.1&bind.port=20880&deprecated=false&dubbo=2.0.2&dynamic=true&generic=false&interface=com.yupi.project.provider.DemoService&methods=sayHello,sayHelloAsync,sayHello2&pid=26956&release=3.0.9&service-name-mapping=true&side=provider&timestamp=1715240458561 to registry localhost:8848, dubbo version: 3.0.9, current host: 192.168.132.1
2024-05-09 15:40:58.575  INFO 26956 --- [           main] org.apache.dubbo.config.ServiceConfig    :  [DUBBO] Register dubbo service com.yupi.project.provider.DemoService url dubbo://192.168.132.1:20880/com.yupi.project.provider.DemoService?anyhost=true&application=dubbo-springboot-demo-provider&background=false&bind.ip=192.168.132.1&bind.port=20880&deprecated=false&dubbo=2.0.2&dynamic=true&generic=false&interface=com.yupi.project.provider.DemoService&methods=sayHello,sayHelloAsync,sayHello2&pid=26956&release=3.0.9&service-name-mapping=true&side=provider&timestamp=1715240458561 to registry localhost:8848, dubbo version: 3.0.9, current host: 192.168.132.1
2024-05-09 15:40:58.778  INFO 26956 --- [           main] o.a.dubbo.registry.nacos.NacosRegistry   :  [DUBBO] Register: dubbo://192.168.132.1:20880/com.yupi.project.provider.DemoService?anyhost=true&application=dubbo-springboot-demo-provider&background=false&deprecated=false&dubbo=2.0.2&dynamic=true&generic=false&interface=com.yupi.project.provider.DemoService&methods=sayHello,sayHelloAsync,sayHello2&pid=26956&release=3.0.9&service-name-mapping=true&side=provider&timestamp=1715240458561, dubbo version: 3.0.9, current host: 192.168.132.1
2024-05-09 15:40:58.781  INFO 26956 --- [           main] o.a.dubbo.registry.nacos.NacosRegistry   :  [DUBBO] Subscribe: provider://192.168.132.1:20880/com.yupi.project.provider.DemoService?anyhost=true&application=dubbo-springboot-demo-provider&background=false&bind.ip=192.168.132.1&bind.port=20880&category=configurators&check=false&deprecated=false&dubbo=2.0.2&dynamic=true&generic=false&interface=com.yupi.project.provider.DemoService&methods=sayHello,sayHelloAsync,sayHello2&pid=26956&release=3.0.9&service-name-mapping=true&side=provider&timestamp=1715240458561, dubbo version: 3.0.9, current host: 192.168.132.1
2024-05-09 15:40:58.794  WARN 26956 --- [           main] o.a.dubbo.registry.nacos.NacosRegistry   :  [DUBBO] Ignore empty notify urls for subscribe url provider://192.168.132.1:20880/com.yupi.project.provider.DemoService?anyhost=true&application=dubbo-springboot-demo-provider&background=false&bind.ip=192.168.132.1&bind.port=20880&category=configurators&check=false&deprecated=false&dubbo=2.0.2&dynamic=true&generic=false&interface=com.yupi.project.provider.DemoService&methods=sayHello,sayHelloAsync,sayHello2&pid=26956&release=3.0.9&service-name-mapping=true&side=provider&timestamp=1715240458561, dubbo version: 3.0.9, current host: 192.168.132.1
2024-05-09 15:40:58.797  INFO 26956 --- [Report-thread-1] o.a.d.m.store.nacos.NacosMetadataReport  :  [DUBBO] store provider metadata. Identifier : org.apache.dubbo.metadata.report.identifier.MetadataIdentifier@18f2d93a; definition: FullServiceDefinition{parameters=org.apache.dubbo.common.url.component.URLParam$URLParamMap@df91e6b8} ServiceDefinition [canonicalName=com.yupi.project.provider.DemoService, codeSource=file:/E:/idea_java_project/black_hole_api/target/classes/, methods=[MethodDefinition [name=sayHello2, parameterTypes=[java.lang.String], returnType=java.lang.String], MethodDefinition [name=sayHelloAsync, parameterTypes=[java.lang.String], returnType=java.util.concurrent.CompletableFuture], MethodDefinition [name=sayHello, parameterTypes=[java.lang.String], returnType=java.lang.String]]], dubbo version: 3.0.9, current host: 192.168.132.1
2024-05-09 15:40:58.806  INFO 26956 --- [           main] org.apache.dubbo.config.ServiceConfig    :  [DUBBO] Successfully registered interface application mapping for service com.yupi.project.provider.DemoService, dubbo version: 3.0.9, current host: 192.168.132.1
2024-05-09 15:40:58.816  INFO 26956 --- [           main] org.apache.dubbo.config.ServiceConfig    :  [DUBBO] Export dubbo service com.yupi.service.InnerUserInterfaceInfoService to local registry url : injvm://127.0.0.1/com.yupi.service.InnerUserInterfaceInfoService?anyhost=true&application=dubbo-springboot-demo-provider&background=false&bind.ip=192.168.132.1&bind.port=20880&deprecated=false&dubbo=2.0.2&dynamic=true&generic=false&interface=com.yupi.service.InnerUserInterfaceInfoService&methods=invokeCount&pid=26956&release=3.0.9&revision=0.0.1&side=provider&timestamp=1715240458809, dubbo version: 3.0.9, current host: 192.168.132.1
2024-05-09 15:40:58.816  INFO 26956 --- [           main] org.apache.dubbo.config.ServiceConfig    :  [DUBBO] Register dubbo service com.yupi.service.InnerUserInterfaceInfoService url dubbo://192.168.132.1:20880/com.yupi.service.InnerUserInterfaceInfoService?anyhost=true&application=dubbo-springboot-demo-provider&background=false&bind.ip=192.168.132.1&bind.port=20880&deprecated=false&dubbo=2.0.2&dynamic=true&generic=false&interface=com.yupi.service.InnerUserInterfaceInfoService&methods=invokeCount&pid=26956&release=3.0.9&revision=0.0.1&service-name-mapping=true&side=provider&timestamp=1715240458809 to registry localhost:8848, dubbo version: 3.0.9, current host: 192.168.132.1
2024-05-09 15:40:58.822  INFO 26956 --- [           main] org.apache.dubbo.config.ServiceConfig    :  [DUBBO] Register dubbo service com.yupi.service.InnerUserInterfaceInfoService url dubbo://192.168.132.1:20880/com.yupi.service.InnerUserInterfaceInfoService?anyhost=true&application=dubbo-springboot-demo-provider&background=false&bind.ip=192.168.132.1&bind.port=20880&deprecated=false&dubbo=2.0.2&dynamic=true&generic=false&interface=com.yupi.service.InnerUserInterfaceInfoService&methods=invokeCount&pid=26956&release=3.0.9&revision=0.0.1&service-name-mapping=true&side=provider&timestamp=1715240458809 to registry localhost:8848, dubbo version: 3.0.9, current host: 192.168.132.1
2024-05-09 15:40:59.023  INFO 26956 --- [           main] o.a.dubbo.registry.nacos.NacosRegistry   :  [DUBBO] Register: dubbo://192.168.132.1:20880/com.yupi.service.InnerUserInterfaceInfoService?anyhost=true&application=dubbo-springboot-demo-provider&background=false&deprecated=false&dubbo=2.0.2&dynamic=true&generic=false&interface=com.yupi.service.InnerUserInterfaceInfoService&methods=invokeCount&pid=26956&release=3.0.9&revision=0.0.1&service-name-mapping=true&side=provider&timestamp=1715240458809, dubbo version: 3.0.9, current host: 192.168.132.1
2024-05-09 15:40:59.028  INFO 26956 --- [           main] o.a.dubbo.registry.nacos.NacosRegistry   :  [DUBBO] Subscribe: provider://192.168.132.1:20880/com.yupi.service.InnerUserInterfaceInfoService?anyhost=true&application=dubbo-springboot-demo-provider&background=false&bind.ip=192.168.132.1&bind.port=20880&category=configurators&check=false&deprecated=false&dubbo=2.0.2&dynamic=true&generic=false&interface=com.yupi.service.InnerUserInterfaceInfoService&methods=invokeCount&pid=26956&release=3.0.9&revision=0.0.1&service-name-mapping=true&side=provider&timestamp=1715240458809, dubbo version: 3.0.9, current host: 192.168.132.1
2024-05-09 15:40:59.040  WARN 26956 --- [           main] o.a.dubbo.registry.nacos.NacosRegistry   :  [DUBBO] Ignore empty notify urls for subscribe url provider://192.168.132.1:20880/com.yupi.service.InnerUserInterfaceInfoService?anyhost=true&application=dubbo-springboot-demo-provider&background=false&bind.ip=192.168.132.1&bind.port=20880&category=configurators&check=false&deprecated=false&dubbo=2.0.2&dynamic=true&generic=false&interface=com.yupi.service.InnerUserInterfaceInfoService&methods=invokeCount&pid=26956&release=3.0.9&revision=0.0.1&service-name-mapping=true&side=provider&timestamp=1715240458809, dubbo version: 3.0.9, current host: 192.168.132.1
2024-05-09 15:40:59.041  INFO 26956 --- [Report-thread-1] o.a.d.m.store.nacos.NacosMetadataReport  :  [DUBBO] store provider metadata. Identifier : org.apache.dubbo.metadata.report.identifier.MetadataIdentifier@5949bef3; definition: FullServiceDefinition{parameters=org.apache.dubbo.common.url.component.URLParam$URLParamMap@c04b022f} ServiceDefinition [canonicalName=com.yupi.service.InnerUserInterfaceInfoService, codeSource=yunapi-common-0.0.1.jar, methods=[MethodDefinition [name=invokeCount, parameterTypes=[long, long], returnType=boolean]]], dubbo version: 3.0.9, current host: 192.168.132.1
2024-05-09 15:40:59.049  INFO 26956 --- [           main] org.apache.dubbo.config.ServiceConfig    :  [DUBBO] Successfully registered interface application mapping for service com.yupi.service.InnerUserInterfaceInfoService, dubbo version: 3.0.9, current host: 192.168.132.1
2024-05-09 15:40:59.061  INFO 26956 --- [           main] org.apache.dubbo.config.ServiceConfig    :  [DUBBO] Export dubbo service com.yupi.service.InnerInterfaceInfoService to local registry url : injvm://127.0.0.1/com.yupi.service.InnerInterfaceInfoService?anyhost=true&application=dubbo-springboot-demo-provider&background=false&bind.ip=192.168.132.1&bind.port=20880&deprecated=false&dubbo=2.0.2&dynamic=true&generic=false&interface=com.yupi.service.InnerInterfaceInfoService&methods=getInterfaceInfo&pid=26956&release=3.0.9&revision=0.0.1&side=provider&timestamp=1715240459051, dubbo version: 3.0.9, current host: 192.168.132.1
2024-05-09 15:40:59.062  INFO 26956 --- [           main] org.apache.dubbo.config.ServiceConfig    :  [DUBBO] Register dubbo service com.yupi.service.InnerInterfaceInfoService url dubbo://192.168.132.1:20880/com.yupi.service.InnerInterfaceInfoService?anyhost=true&application=dubbo-springboot-demo-provider&background=false&bind.ip=192.168.132.1&bind.port=20880&deprecated=false&dubbo=2.0.2&dynamic=true&generic=false&interface=com.yupi.service.InnerInterfaceInfoService&methods=getInterfaceInfo&pid=26956&release=3.0.9&revision=0.0.1&service-name-mapping=true&side=provider&timestamp=1715240459051 to registry localhost:8848, dubbo version: 3.0.9, current host: 192.168.132.1
2024-05-09 15:40:59.068  INFO 26956 --- [           main] org.apache.dubbo.config.ServiceConfig    :  [DUBBO] Register dubbo service com.yupi.service.InnerInterfaceInfoService url dubbo://192.168.132.1:20880/com.yupi.service.InnerInterfaceInfoService?anyhost=true&application=dubbo-springboot-demo-provider&background=false&bind.ip=192.168.132.1&bind.port=20880&deprecated=false&dubbo=2.0.2&dynamic=true&generic=false&interface=com.yupi.service.InnerInterfaceInfoService&methods=getInterfaceInfo&pid=26956&release=3.0.9&revision=0.0.1&service-name-mapping=true&side=provider&timestamp=1715240459051 to registry localhost:8848, dubbo version: 3.0.9, current host: 192.168.132.1
2024-05-09 15:40:59.268  INFO 26956 --- [           main] o.a.dubbo.registry.nacos.NacosRegistry   :  [DUBBO] Register: dubbo://192.168.132.1:20880/com.yupi.service.InnerInterfaceInfoService?anyhost=true&application=dubbo-springboot-demo-provider&background=false&deprecated=false&dubbo=2.0.2&dynamic=true&generic=false&interface=com.yupi.service.InnerInterfaceInfoService&methods=getInterfaceInfo&pid=26956&release=3.0.9&revision=0.0.1&service-name-mapping=true&side=provider&timestamp=1715240459051, dubbo version: 3.0.9, current host: 192.168.132.1
2024-05-09 15:40:59.273  INFO 26956 --- [           main] o.a.dubbo.registry.nacos.NacosRegistry   :  [DUBBO] Subscribe: provider://192.168.132.1:20880/com.yupi.service.InnerInterfaceInfoService?anyhost=true&application=dubbo-springboot-demo-provider&background=false&bind.ip=192.168.132.1&bind.port=20880&category=configurators&check=false&deprecated=false&dubbo=2.0.2&dynamic=true&generic=false&interface=com.yupi.service.InnerInterfaceInfoService&methods=getInterfaceInfo&pid=26956&release=3.0.9&revision=0.0.1&service-name-mapping=true&side=provider&timestamp=1715240459051, dubbo version: 3.0.9, current host: 192.168.132.1
2024-05-09 15:40:59.287  WARN 26956 --- [           main] o.a.dubbo.registry.nacos.NacosRegistry   :  [DUBBO] Ignore empty notify urls for subscribe url provider://192.168.132.1:20880/com.yupi.service.InnerInterfaceInfoService?anyhost=true&application=dubbo-springboot-demo-provider&background=false&bind.ip=192.168.132.1&bind.port=20880&category=configurators&check=false&deprecated=false&dubbo=2.0.2&dynamic=true&generic=false&interface=com.yupi.service.InnerInterfaceInfoService&methods=getInterfaceInfo&pid=26956&release=3.0.9&revision=0.0.1&service-name-mapping=true&side=provider&timestamp=1715240459051, dubbo version: 3.0.9, current host: 192.168.132.1
2024-05-09 15:40:59.287  INFO 26956 --- [Report-thread-1] o.a.d.m.store.nacos.NacosMetadataReport  :  [DUBBO] store provider metadata. Identifier : org.apache.dubbo.metadata.report.identifier.MetadataIdentifier@55af3d2e; definition: FullServiceDefinition{parameters=org.apache.dubbo.common.url.component.URLParam$URLParamMap@81dc4c92} ServiceDefinition [canonicalName=com.yupi.service.InnerInterfaceInfoService, codeSource=yunapi-common-0.0.1.jar, methods=[MethodDefinition [name=getInterfaceInfo, parameterTypes=[java.lang.String, java.lang.String], returnType=com.yupi.model.entity.InterfaceInfo]]], dubbo version: 3.0.9, current host: 192.168.132.1
2024-05-09 15:40:59.296  INFO 26956 --- [           main] org.apache.dubbo.config.ServiceConfig    :  [DUBBO] Successfully registered interface application mapping for service com.yupi.service.InnerInterfaceInfoService, dubbo version: 3.0.9, current host: 192.168.132.1
2024-05-09 15:40:59.297  INFO 26956 --- [           main] o.a.d.c.deploy.DefaultModuleDeployer     :  [DUBBO] Dubbo Module[1.1.0] is starting., dubbo version: 3.0.9, current host: 192.168.132.1
2024-05-09 15:40:59.298  INFO 26956 --- [           main] o.a.d.c.deploy.DefaultModuleDeployer     :  [DUBBO] Dubbo Module[1.1.0] has started., dubbo version: 3.0.9, current host: 192.168.132.1
2024-05-09 15:40:59.298  INFO 26956 --- [           main] o.a.d.c.deploy.DefaultModuleDeployer     :  [DUBBO] Dubbo Module[1.1.1] has started., dubbo version: 3.0.9, current host: 192.168.132.1
2024-05-09 15:40:59.300  INFO 26956 --- [           main] .c.m.ConfigurableMetadataServiceExporter :  [DUBBO] Metadata Service Port hasn't been set will use default protocol defined in protocols., dubbo version: 3.0.9, current host: 192.168.132.1
2024-05-09 15:40:59.300  INFO 26956 --- [           main] .c.m.ConfigurableMetadataServiceExporter :  [DUBBO] Using dubbo protocol to export metadata service on port 20880, dubbo version: 3.0.9, current host: 192.168.132.1
2024-05-09 15:40:59.336  INFO 26956 --- [           main] org.apache.dubbo.config.ServiceConfig    :  [DUBBO] Export dubbo service org.apache.dubbo.metadata.MetadataService to local registry url : injvm://127.0.0.1/org.apache.dubbo.metadata.MetadataService?anyhost=true&application=dubbo-springboot-demo-provider&background=false&bind.ip=192.168.132.1&bind.port=20880&connections=1&corethreads=2&delay=0&deprecated=false&dubbo=2.0.2&dynamic=true&executes=100&generic=false&getAndListenInstanceMetadata.1.callback=true&getAndListenInstanceMetadata.return=true&getAndListenInstanceMetadata.sent=true&group=dubbo-springboot-demo-provider&interface=org.apache.dubbo.metadata.MetadataService&methods=getMetadataURL,isMetadataService,getExportedURLs,getAndListenInstanceMetadata,serviceName,version,getSubscribedURLs,getExportedServiceURLs,exportInstanceMetadata,getMetadataInfo,toSortedStrings,getMetadataInfos,getServiceDefinition,getInstanceMetadataChangedListenerMap&pid=26956&register=false&release=3.0.9&revision=3.0.9&side=provider&threadpool=cached&threads=100&timestamp=1715240459319&version=1.0.0, dubbo version: 3.0.9, current host: 192.168.132.1
2024-05-09 15:40:59.336  INFO 26956 --- [           main] org.apache.dubbo.config.ServiceConfig    :  [DUBBO] Export dubbo service org.apache.dubbo.metadata.MetadataService to url dubbo://192.168.132.1:20880/org.apache.dubbo.metadata.MetadataService?anyhost=true&application=dubbo-springboot-demo-provider&background=false&bind.ip=192.168.132.1&bind.port=20880&connections=1&corethreads=2&delay=0&deprecated=false&dubbo=2.0.2&dynamic=true&executes=100&generic=false&getAndListenInstanceMetadata.1.callback=true&getAndListenInstanceMetadata.return=true&getAndListenInstanceMetadata.sent=true&group=dubbo-springboot-demo-provider&interface=org.apache.dubbo.metadata.MetadataService&methods=getMetadataURL,isMetadataService,getExportedURLs,getAndListenInstanceMetadata,serviceName,version,getSubscribedURLs,getExportedServiceURLs,exportInstanceMetadata,getMetadataInfo,toSortedStrings,getMetadataInfos,getServiceDefinition,getInstanceMetadataChangedListenerMap&pid=26956&register=false&release=3.0.9&revision=3.0.9&service-name-mapping=true&side=provider&threadpool=cached&threads=100&timestamp=1715240459319&version=1.0.0, dubbo version: 3.0.9, current host: 192.168.132.1
2024-05-09 15:40:59.349  INFO 26956 --- [           main] o.a.d.r.c.m.MigrationRuleListener        :  [DUBBO] Listening for migration rules on dataId dubbo-springboot-demo-provider.migration, group DUBBO_SERVICEDISCOVERY_MIGRATION, dubbo version: 3.0.9, current host: 192.168.132.1
2024-05-09 15:40:59.353  INFO 26956 --- [           main] org.apache.dubbo.config.ServiceConfig    :  [DUBBO] Export dubbo service org.apache.dubbo.metadata.MetadataService to url dubbo://192.168.132.1:20880/org.apache.dubbo.metadata.MetadataService?anyhost=true&application=dubbo-springboot-demo-provider&background=false&bind.ip=192.168.132.1&bind.port=20880&connections=1&corethreads=2&delay=0&deprecated=false&dubbo=2.0.2&dynamic=true&executes=100&generic=false&getAndListenInstanceMetadata.1.callback=true&getAndListenInstanceMetadata.return=true&getAndListenInstanceMetadata.sent=true&group=dubbo-springboot-demo-provider&interface=org.apache.dubbo.metadata.MetadataService&methods=getMetadataURL,isMetadataService,getExportedURLs,getAndListenInstanceMetadata,serviceName,version,getSubscribedURLs,getExportedServiceURLs,exportInstanceMetadata,getMetadataInfo,toSortedStrings,getMetadataInfos,getServiceDefinition,getInstanceMetadataChangedListenerMap&pid=26956&register=false&release=3.0.9&revision=3.0.9&service-name-mapping=true&side=provider&threadpool=cached&threads=100&timestamp=1715240459319&version=1.0.0, dubbo version: 3.0.9, current host: 192.168.132.1
2024-05-09 15:40:59.547  INFO 26956 --- [           main] o.a.dubbo.registry.nacos.NacosRegistry   :  [DUBBO] Subscribe: provider://192.168.132.1:20880/org.apache.dubbo.metadata.MetadataService?anyhost=true&application=dubbo-springboot-demo-provider&background=false&bind.ip=192.168.132.1&bind.port=20880&category=configurators&check=false&connections=1&corethreads=2&delay=0&deprecated=false&dubbo=2.0.2&dynamic=true&executes=100&generic=false&getAndListenInstanceMetadata.1.callback=true&getAndListenInstanceMetadata.return=true&getAndListenInstanceMetadata.sent=true&group=dubbo-springboot-demo-provider&interface=org.apache.dubbo.metadata.MetadataService&methods=getMetadataURL,isMetadataService,getExportedURLs,getAndListenInstanceMetadata,serviceName,version,getSubscribedURLs,getExportedServiceURLs,exportInstanceMetadata,getMetadataInfo,toSortedStrings,getMetadataInfos,getServiceDefinition,getInstanceMetadataChangedListenerMap&pid=26956&register=false&release=3.0.9&revision=3.0.9&service-name-mapping=true&side=provider&threadpool=cached&threads=100&timestamp=1715240459319&version=1.0.0, dubbo version: 3.0.9, current host: 192.168.132.1
2024-05-09 15:40:59.552  WARN 26956 --- [           main] o.a.dubbo.registry.nacos.NacosRegistry   :  [DUBBO] Ignore empty notify urls for subscribe url provider://192.168.132.1:20880/org.apache.dubbo.metadata.MetadataService?anyhost=true&application=dubbo-springboot-demo-provider&background=false&bind.ip=192.168.132.1&bind.port=20880&category=configurators&check=false&connections=1&corethreads=2&delay=0&deprecated=false&dubbo=2.0.2&dynamic=true&executes=100&generic=false&getAndListenInstanceMetadata.1.callback=true&getAndListenInstanceMetadata.return=true&getAndListenInstanceMetadata.sent=true&group=dubbo-springboot-demo-provider&interface=org.apache.dubbo.metadata.MetadataService&methods=getMetadataURL,isMetadataService,getExportedURLs,getAndListenInstanceMetadata,serviceName,version,getSubscribedURLs,getExportedServiceURLs,exportInstanceMetadata,getMetadataInfo,toSortedStrings,getMetadataInfos,getServiceDefinition,getInstanceMetadataChangedListenerMap&pid=26956&register=false&release=3.0.9&revision=3.0.9&service-name-mapping=true&side=provider&threadpool=cached&threads=100&timestamp=1715240459319&version=1.0.0, dubbo version: 3.0.9, current host: 192.168.132.1
2024-05-09 15:40:59.552  INFO 26956 --- [           main] org.apache.dubbo.config.ServiceConfig    :  [DUBBO] Successfully registered interface application mapping for service dubbo-springboot-demo-provider/org.apache.dubbo.metadata.MetadataService:1.0.0, dubbo version: 3.0.9, current host: 192.168.132.1
2024-05-09 15:40:59.552  INFO 26956 --- [           main] .c.m.ConfigurableMetadataServiceExporter :  [DUBBO] The MetadataService exports urls : [dubbo://192.168.132.1:20880/org.apache.dubbo.metadata.MetadataService?anyhost=true&application=dubbo-springboot-demo-provider&background=false&bind.ip=192.168.132.1&bind.port=20880&connections=1&corethreads=2&delay=0&deprecated=false&dubbo=2.0.2&dynamic=true&executes=100&generic=false&getAndListenInstanceMetadata.1.callback=true&getAndListenInstanceMetadata.return=true&getAndListenInstanceMetadata.sent=true&group=dubbo-springboot-demo-provider&interface=org.apache.dubbo.metadata.MetadataService&methods=getMetadataURL,isMetadataService,getExportedURLs,getAndListenInstanceMetadata,serviceName,version,getSubscribedURLs,getExportedServiceURLs,exportInstanceMetadata,getMetadataInfo,toSortedStrings,getMetadataInfos,getServiceDefinition,getInstanceMetadataChangedListenerMap&pid=26956&register=false&release=3.0.9&revision=3.0.9&service-name-mapping=true&side=provider&threadpool=cached&threads=100&timestamp=1715240459319&version=1.0.0], dubbo version: 3.0.9, current host: 192.168.132.1
2024-05-09 15:40:59.554  INFO 26956 --- [           main] o.a.d.r.c.m.ServiceInstanceMetadataUtils :  [DUBBO] Start registering instance address to registry., dubbo version: 3.0.9, current host: 192.168.132.1
2024-05-09 15:40:59.565  INFO 26956 --- [           main] org.apache.dubbo.metadata.MetadataInfo   :  [DUBBO] metadata revision changed: null -> 0bead3f1b6a4929c432a6a7fa55f0cf0, app: dubbo-springboot-demo-provider, services: 4, dubbo version: 3.0.9, current host: 192.168.132.1
2024-05-09 15:40:59.580  INFO 26956 --- [           main] o.a.d.c.d.DefaultApplicationDeployer     :  [DUBBO] Dubbo Application[1.1](dubbo-springboot-demo-provider) is ready., dubbo version: 3.0.9, current host: 192.168.132.1
2024-05-09 15:40:59.584  INFO 26956 --- [           main] c.yupi.project.service.UserServiceTest   : Started UserServiceTest in 10.824 seconds (JVM running for 11.737)
Creating a new SqlSession
SqlSession [org.apache.ibatis.session.defaults.DefaultSqlSession@4b954cbb] was not registered for synchronization because synchronization is not active
2024-05-09 15:41:00.060  INFO 26956 --- [           main] com.zaxxer.hikari.HikariDataSource       : HikariPool-1 - Starting...
2024-05-09 15:41:00.264  INFO 26956 --- [           main] com.zaxxer.hikari.HikariDataSource       : HikariPool-1 - Start completed.
JDBC Connection [HikariProxyConnection@818093584 wrapping com.mysql.cj.jdbc.ConnectionImpl@74f446ba] will not be managed by Spring
==>  Preparing: INSERT INTO user VALUES
==> Parameters: 
Closing non transactional SqlSession [org.apache.ibatis.session.defaults.DefaultSqlSession@4b954cbb]
]]></system-out>
  </testcase>
  <testcase name="userRegister" classname="com.yupi.project.service.UserServiceTest" time="0.026"/>
  <testcase name="testUpdateUser" classname="com.yupi.project.service.UserServiceTest" time="0.025">
    <error message="&#10;### Error updating database.  Cause: java.sql.SQLSyntaxErrorException: You have an error in your SQL syntax; check the manual that corresponds to your MySQL server version for the right syntax to use near &apos;WHERE id=null  AND isDelete=0&apos; at line 1&#10;### The error may exist in com/yupi/project/mapper/UserMapper.java (best guess)&#10;### The error may involve com.yupi.project.mapper.UserMapper.updateById-Inline&#10;### The error occurred while setting parameters&#10;### SQL: UPDATE user    WHERE id=?  AND isDelete=0&#10;### Cause: java.sql.SQLSyntaxErrorException: You have an error in your SQL syntax; check the manual that corresponds to your MySQL server version for the right syntax to use near &apos;WHERE id=null  AND isDelete=0&apos; at line 1&#10;; bad SQL grammar []; nested exception is java.sql.SQLSyntaxErrorException: You have an error in your SQL syntax; check the manual that corresponds to your MySQL server version for the right syntax to use near &apos;WHERE id=null  AND isDelete=0&apos; at line 1" type="org.springframework.jdbc.BadSqlGrammarException">org.springframework.jdbc.BadSqlGrammarException: 

### Error updating database.  Cause: java.sql.SQLSyntaxErrorException: You have an error in your SQL syntax; check the manual that corresponds to your MySQL server version for the right syntax to use near 'WHERE id=null  AND isDelete=0' at line 1
### The error may exist in com/yupi/project/mapper/UserMapper.java (best guess)
### The error may involve com.yupi.project.mapper.UserMapper.updateById-Inline
### The error occurred while setting parameters
### SQL: UPDATE user    WHERE id=?  AND isDelete=0
### Cause: java.sql.SQLSyntaxErrorException: You have an error in your SQL syntax; check the manual that corresponds to your MySQL server version for the right syntax to use near 'WHERE id=null  AND isDelete=0' at line 1
; bad SQL grammar []; nested exception is java.sql.SQLSyntaxErrorException: You have an error in your SQL syntax; check the manual that corresponds to your MySQL server version for the right syntax to use near 'WHERE id=null  AND isDelete=0' at line 1
	at com.yupi.project.service.UserServiceTest.testUpdateUser(UserServiceTest.java:32)
Caused by: java.sql.SQLSyntaxErrorException: You have an error in your SQL syntax; check the manual that corresponds to your MySQL server version for the right syntax to use near 'WHERE id=null  AND isDelete=0' at line 1
	at com.yupi.project.service.UserServiceTest.testUpdateUser(UserServiceTest.java:32)
</error>
    <system-out><![CDATA[Creating a new SqlSession
SqlSession [org.apache.ibatis.session.defaults.DefaultSqlSession@67d99612] was not registered for synchronization because synchronization is not active
JDBC Connection [HikariProxyConnection@1008722768 wrapping com.mysql.cj.jdbc.ConnectionImpl@74f446ba] will not be managed by Spring
==>  Preparing: UPDATE user WHERE id=? AND isDelete=0
==> Parameters: null
Closing non transactional SqlSession [org.apache.ibatis.session.defaults.DefaultSqlSession@67d99612]
]]></system-out>
  </testcase>
  <testcase name="testGetUser" classname="com.yupi.project.service.UserServiceTest" time="0.065"/>
  <testcase name="testDeleteUser" classname="com.yupi.project.service.UserServiceTest" time="0.018"/>
</testsuite>